Jan  3 00:17:01 Pavilion CRON[9325]: pam_unix(cron:session): session opened for user root by (uid=0)
Jan  3 00:17:01 Pavilion CRON[9325]: pam_unix(cron:session): session closed for user root
Jan  3 01:17:01 Pavilion CRON[12393]: pam_unix(cron:session): session opened for user root by (uid=0)
Jan  3 01:17:01 Pavilion CRON[12393]: pam_unix(cron:session): session closed for user root
Jan  3 02:17:01 Pavilion CRON[15940]: pam_unix(cron:session): session opened for user root by (uid=0)
Jan  3 02:17:01 Pavilion CRON[15940]: pam_unix(cron:session): session closed for user root
Jan  3 10:28:38 Pavilion systemd-logind[767]: Operation 'sleep' finished.
Jan  3 10:28:44 Pavilion PackageKit: uid 1000 is trying to obtain org.freedesktop.packagekit.system-sources-refresh auth (only_trusted:0)
Jan  3 10:28:44 Pavilion PackageKit: uid 1000 obtained auth for org.freedesktop.packagekit.system-sources-refresh
Jan  3 10:28:53 Pavilion PackageKit: uid 1000 is trying to obtain org.freedesktop.packagekit.system-sources-refresh auth (only_trusted:0)
Jan  3 10:28:53 Pavilion PackageKit: uid 1000 obtained auth for org.freedesktop.packagekit.system-sources-refresh
Jan  3 10:28:55 Pavilion PackageKit: uid 1000 is trying to obtain org.freedesktop.packagekit.system-sources-refresh auth (only_trusted:0)
Jan  3 10:28:55 Pavilion PackageKit: uid 1000 obtained auth for org.freedesktop.packagekit.system-sources-refresh
Jan  3 10:28:57 Pavilion PackageKit: uid 1000 is trying to obtain org.freedesktop.packagekit.system-sources-refresh auth (only_trusted:0)
Jan  3 10:28:57 Pavilion PackageKit: uid 1000 obtained auth for org.freedesktop.packagekit.system-sources-refresh
Jan  3 10:28:59 Pavilion PackageKit: uid 1000 is trying to obtain org.freedesktop.packagekit.system-sources-refresh auth (only_trusted:0)
Jan  3 10:28:59 Pavilion PackageKit: uid 1000 obtained auth for org.freedesktop.packagekit.system-sources-refresh
Jan  3 10:29:07 Pavilion gdm-password]: pam_unix(gdm-password:auth): Couldn't open /etc/securetty: No such file or directory
Jan  3 10:29:10 Pavilion gdm-password]: pam_unix(gdm-password:auth): Couldn't open /etc/securetty: No such file or directory
Jan  3 10:29:10 Pavilion gdm-password]: gkr-pam: unlocked login keyring
Jan  3 10:30:01 Pavilion CRON[19878]: pam_unix(cron:session): session opened for user root by (uid=0)
Jan  3 10:30:01 Pavilion CRON[19878]: pam_unix(cron:session): session closed for user root
Jan  3 11:17:01 Pavilion CRON[21055]: pam_unix(cron:session): session opened for user root by (uid=0)
Jan  3 11:17:01 Pavilion CRON[21055]: pam_unix(cron:session): session closed for user root
Jan  3 11:30:01 Pavilion CRON[21219]: pam_unix(cron:session): session opened for user root by (uid=0)
Jan  3 11:30:01 Pavilion CRON[21219]: pam_unix(cron:session): session closed for user root
Jan  3 12:17:01 Pavilion CRON[21914]: pam_unix(cron:session): session opened for user root by (uid=0)
Jan  3 12:17:01 Pavilion CRON[21914]: pam_unix(cron:session): session closed for user root
Jan  3 12:20:33 Pavilion gdm-password]: pam_unix(gdm-password:auth): Couldn't open /etc/securetty: No such file or directory
Jan  3 12:20:42 Pavilion gdm-password]: pam_unix(gdm-password:auth): Couldn't open /etc/securetty: No such file or directory
Jan  3 12:20:42 Pavilion gdm-password]: gkr-pam: unlocked login keyring
Jan  3 12:23:09 Pavilion sudo: pam_unix(sudo:auth): Couldn't open /etc/securetty: No such file or directory
Jan  3 12:23:12 Pavilion sudo: pam_unix(sudo:auth): Couldn't open /etc/securetty: No such file or directory
Jan  3 12:23:12 Pavilion sudo:    manan : TTY=pts/0 ; PWD=/home/manan ; USER=root ; COMMAND=/usr/bin/snap install --classic code
Jan  3 12:23:12 Pavilion sudo: pam_unix(sudo:session): session opened for user root by (uid=0)
Jan  3 12:24:45 Pavilion sudo: pam_unix(sudo:session): session closed for user root
Jan  3 12:30:01 Pavilion CRON[22970]: pam_unix(cron:session): session opened for user root by (uid=0)
Jan  3 12:30:01 Pavilion CRON[22970]: pam_unix(cron:session): session closed for user root
Jan  3 13:17:01 Pavilion CRON[24929]: pam_unix(cron:session): session opened for user root by (uid=0)
Jan  3 13:17:01 Pavilion CRON[24929]: pam_unix(cron:session): session closed for user root
Jan  3 13:30:01 Pavilion CRON[25167]: pam_unix(cron:session): session opened for user root by (uid=0)
Jan  3 13:30:01 Pavilion CRON[25167]: pam_unix(cron:session): session closed for user root
Jan  3 14:00:00 Pavilion gdm-password]: pam_unix(gdm-password:auth): Couldn't open /etc/securetty: No such file or directory
Jan  3 14:00:07 Pavilion gdm-password]: pam_unix(gdm-password:auth): Couldn't open /etc/securetty: No such file or directory
Jan  3 14:00:07 Pavilion gdm-password]: gkr-pam: unlocked login keyring
Jan  3 14:17:01 Pavilion CRON[26302]: pam_unix(cron:session): session opened for user root by (uid=0)
Jan  3 14:17:01 Pavilion CRON[26302]: pam_unix(cron:session): session closed for user root
Jan  3 14:17:13 Pavilion gdm-password]: pam_unix(gdm-password:auth): Couldn't open /etc/securetty: No such file or directory
Jan  3 14:17:16 Pavilion gdm-password]: pam_unix(gdm-password:auth): Couldn't open /etc/securetty: No such file or directory
Jan  3 14:17:16 Pavilion gdm-password]: gkr-pam: unlocked login keyring
Jan  3 14:22:52 Pavilion sudo: pam_unix(sudo:auth): Couldn't open /etc/securetty: No such file or directory
Jan  3 14:22:55 Pavilion sudo: pam_unix(sudo:auth): Couldn't open /etc/securetty: No such file or directory
Jan  3 14:22:55 Pavilion sudo:    manan : TTY=pts/0 ; PWD=/home/manan ; USER=root ; COMMAND=/usr/sbin/adduser test
Jan  3 14:22:55 Pavilion sudo: pam_unix(sudo:session): session opened for user root by (uid=0)
Jan  3 14:22:55 Pavilion groupadd[27152]: group added to /etc/group: name=test, GID=1001
Jan  3 14:22:56 Pavilion groupadd[27152]: group added to /etc/gshadow: name=test
Jan  3 14:22:56 Pavilion groupadd[27152]: new group: name=test, GID=1001
Jan  3 14:22:56 Pavilion useradd[27158]: new user: name=test, UID=1001, GID=1001, home=/home/test, shell=/bin/bash, from=/dev/pts/0
Jan  3 14:23:04 Pavilion passwd[27170]: pam_unix(passwd:chauthtok): password changed for test
Jan  3 14:23:04 Pavilion passwd[27170]: gkr-pam: couldn't update the login keyring password: no old password was entered
Jan  3 14:23:31 Pavilion chfn[27175]: changed user 'test' information
Jan  3 14:23:35 Pavilion sudo: pam_unix(sudo:session): session closed for user root
Jan  3 14:23:52 Pavilion sudo:    manan : TTY=pts/0 ; PWD=/home/manan ; USER=root ; COMMAND=/usr/bin/test
Jan  3 14:23:52 Pavilion sudo: pam_unix(sudo:session): session opened for user root by (uid=0)
Jan  3 14:23:52 Pavilion sudo: pam_unix(sudo:session): session closed for user root
Jan  3 14:23:59 Pavilion sudo:    manan : TTY=pts/0 ; PWD=/home/manan ; USER=root ; COMMAND=/usr/bin/su test
Jan  3 14:23:59 Pavilion sudo: pam_unix(sudo:session): session opened for user root by (uid=0)
Jan  3 14:23:59 Pavilion su: (to test) manan on pts/0
Jan  3 14:23:59 Pavilion su: pam_unix(su:session): session opened for user test by (uid=0)
Jan  3 14:24:19 Pavilion sudo: pam_unix(sudo:auth): Couldn't open /etc/securetty: No such file or directory
Jan  3 14:24:22 Pavilion sudo: pam_unix(sudo:auth): Couldn't open /etc/securetty: No such file or directory
Jan  3 14:24:22 Pavilion sudo: pam_unix(sudo:auth): authentication failure; logname= uid=1001 euid=0 tty=/dev/pts/0 ruser=test rhost=  user=test
Jan  3 14:24:24 Pavilion sudo: pam_unix(sudo:auth): Couldn't open /etc/securetty: No such file or directory
Jan  3 14:24:32 Pavilion sudo: message repeated 3 times: [ pam_unix(sudo:auth): Couldn't open /etc/securetty: No such file or directory]
Jan  3 14:24:34 Pavilion sudo:     test : user NOT in sudoers ; TTY=pts/0 ; PWD=/home/manan ; USER=root ; COMMAND=/usr/bin/su manan
Jan  3 14:24:39 Pavilion sudo: pam_unix(sudo:auth): Couldn't open /etc/securetty: No such file or directory
Jan  3 14:24:41 Pavilion sudo: pam_unix(sudo:auth): Couldn't open /etc/securetty: No such file or directory
Jan  3 14:24:41 Pavilion sudo: pam_unix(sudo:auth): authentication failure; logname= uid=1001 euid=0 tty=/dev/pts/0 ruser=test rhost=  user=test
Jan  3 14:24:42 Pavilion sudo: pam_unix(sudo:auth): Couldn't open /etc/securetty: No such file or directory
Jan  3 14:24:52 Pavilion sudo: message repeated 3 times: [ pam_unix(sudo:auth): Couldn't open /etc/securetty: No such file or directory]
Jan  3 14:24:52 Pavilion sudo:     test : user NOT in sudoers ; TTY=pts/0 ; PWD=/home/manan ; USER=root ; COMMAND=/usr/bin/su manan
Jan  3 14:25:05 Pavilion sudo: pam_unix(sudo:auth): Couldn't open /etc/securetty: No such file or directory
Jan  3 14:25:08 Pavilion sudo: pam_unix(sudo:auth): Couldn't open /etc/securetty: No such file or directory
Jan  3 14:25:08 Pavilion sudo:     test : user NOT in sudoers ; TTY=pts/0 ; PWD=/home/manan ; USER=root ; COMMAND=/usr/bin/su
Jan  3 14:30:01 Pavilion CRON[27591]: pam_unix(cron:session): session opened for user root by (uid=0)
Jan  3 14:30:01 Pavilion CRON[27591]: pam_unix(cron:session): session closed for user root
Jan  3 14:35:52 Pavilion sudo: pam_unix(sudo:auth): Couldn't open /etc/securetty: No such file or directory
Jan  3 14:35:56 Pavilion sudo: pam_unix(sudo:auth): Couldn't open /etc/securetty: No such file or directory
Jan  3 14:35:56 Pavilion sudo:     test : user NOT in sudoers ; TTY=pts/0 ; PWD=/home/manan ; USER=root ; COMMAND=-
Jan  3 14:36:00 Pavilion sudo: pam_unix(sudo:auth): Couldn't open /etc/securetty: No such file or directory
Jan  3 14:36:04 Pavilion sudo: pam_unix(sudo:auth): Couldn't open /etc/securetty: No such file or directory
Jan  3 14:36:04 Pavilion sudo: pam_unix(sudo:auth): authentication failure; logname= uid=1001 euid=0 tty=/dev/pts/0 ruser=test rhost=  user=test
Jan  3 14:36:06 Pavilion sudo: pam_unix(sudo:auth): Couldn't open /etc/securetty: No such file or directory
Jan  3 14:36:11 Pavilion sudo: pam_unix(sudo:auth): Couldn't open /etc/securetty: No such file or directory
Jan  3 14:36:11 Pavilion sudo:     test : user NOT in sudoers ; TTY=pts/0 ; PWD=/home/manan ; USER=root ; COMMAND=-
Jan  3 14:36:18 Pavilion sudo: pam_unix(sudo:auth): Couldn't open /etc/securetty: No such file or directory
Jan  3 14:36:20 Pavilion sudo: pam_unix(sudo:auth): Couldn't open /etc/securetty: No such file or directory
Jan  3 14:36:20 Pavilion sudo:     test : user NOT in sudoers ; TTY=pts/0 ; PWD=/home/manan ; USER=root ; COMMAND=/usr/bin/su manan
Jan  3 14:37:04 Pavilion sudo: pam_unix(sudo:auth): Couldn't open /etc/securetty: No such file or directory
Jan  3 14:37:08 Pavilion sudo: pam_unix(sudo:auth): Couldn't open /etc/securetty: No such file or directory
